**********************************************************************
*     FEPS (Finite Element Analysis Program for General Structure)   *
*     Author: Minho Kwon, Sept. 2025 implemented as Python           *
*             Ported to C# .NET 10                                  *
*             for graduate course in Dept. of Civil Engineering      *
*             Gyeongsang National University, Jinju, Korea.          *
**********************************************************************



 Input file name: example7-1.inp


  === Node Definition Data ===
  Node     x-coord     y-coord
     1       0.000       0.000
     2       0.000      10.000
     3       4.000      10.000
     4       8.000      10.000

  === Material Definition Data ===
   Code  El.modulus  Pois.ratio
    1     2.000e+08      0.200

  ==== Property Definition Data ====
   Code    Bar-area  Plate-thickness       Alpha        Iyy         Izz           J
     1    4.740e-02    1.000e+00        0.000e+00                2.200e-05

  ====== Element Definition Data ======
  Type      Number   Mcode Pcode       Node-list ....
  BEAM2D       1       1     1      1      2
  BEAM2D       2       1     1      2      3
  BEAM2D       3       1     1      3      4

  Type      Number                      Element Loads
                           wx          wy          wz     Temperature
  BEAM2D      1        0.000e+00   2.400e+01               0.000e+00
  BEAM2D      2        0.000e+00   0.000e+00               0.000e+00
  BEAM2D      3        0.000e+00   0.000e+00               0.000e+00

  ========= Nodal Boundary Conditions and Nodal Load Data =======
  1. Prescribed Nodal Loads
  Node  x-BCtag y-BCtag th-BCtag       Prescribed
                                  Fx         Fy        Mzz
    1    1.000    1.000    1.000  0.000e+00  0.000e+00  0.000e+00
    2    0.000    0.000    0.000  1.000e+02  0.000e+00  0.000e+00
    3    0.000    0.000    0.000  0.000e+00 -7.500e+01  0.000e+00
    4    1.000    1.000    0.000  0.000e+00  0.000e+00  0.000e+00

  2. Prescribed Displacement
  Node  x-BCtag y-BCtag th-BCtag       Prescribed
                                  Ux         Uy        Rzz
    1   1.000    1.000    1.000   0.000e+00  0.000e+00  0.000e+00
    2   0.000    0.000    0.000   0.000e+00  0.000e+00  0.000e+00
    3   0.000    0.000    0.000   0.000e+00  0.000e+00  0.000e+00
    4   1.000    1.000    0.000   0.000e+00  0.000e+00  0.000e+00

 Eigenvalues of Kff - master stiffness matrix:
             1             2             3             4             5             6             7
   1     4.666e+02     3.352e+03     6.533e+03     1.065e+04     9.053e+05     9.488e+05     6.205e+06

  --------- Computed  Node Displacements  -------
  Node   x-coord    y-coord     x-displ      y-displ      Angle
     1   0.000e+00   0.000e+00   0.000e+00   0.000e+00   0.000e+00
     2   0.000e+00   1.000e+01   1.799e-04  -5.997e-05   2.565e-02
     3   4.000e+00   1.000e+01   8.997e-05  -4.111e-02  -1.172e-02
     4   8.000e+00   1.000e+01   0.000e+00   0.000e+00   2.128e-02
  ------------ Computed Node Forces -------------
  Node   x-coord    y-coord    x-force      y-force      Moment
     1   0.000e+00   0.000e+00   1.132e+02   5.685e+01  -1.774e+02
     2   0.000e+00   1.000e+01   1.000e+02   0.000e+00   0.000e+00
     3   4.000e+00   1.000e+01   0.000e+00  -7.500e+01   0.000e+00
     4   8.000e+00   1.000e+01  -2.132e+02   1.815e+01   0.000e+00

 --------- Beam Section Forces Information---------
 Type   Number  Node      Force-Local_x   Force-Local_y     Moment
 BEAM2D      1      1       5.685e+01      -1.132e+02      -1.774e+02
                    2      -5.685e+01      -1.268e+02       2.452e+02
 BEAM2D      2      2       2.132e+02       5.685e+01       1.548e+02
                    3      -2.132e+02      -5.685e+01       7.260e+01
 BEAM2D      3      3       2.132e+02      -1.815e+01      -7.260e+01
                    4      -2.132e+02       1.815e+01       0.000e+00

