**********************************************************************
*     FEPS (Finite Element Analysis Program for General Structure)   *
*     Author: Minho Kwon, Sept. 2025 implemented as Python           *
*             Ported to C# .NET 10                                  *
*             for graduate course in Dept. of Civil Engineering      *
*             Gyeongsang National University, Jinju, Korea.          *
**********************************************************************



 Input file name: Final-prob2.inp


  === Node Definition Data ===
  Node     x-coord     y-coord
     1       0.000       0.000
     2       5.000       0.000
     3      10.000       0.000
     4       5.000      -2.000

  === Material Definition Data ===
   Code  El.modulus  Pois.ratio
    1     2.000e+08      0.300

  ==== Property Definition Data ====
   Code    Bar-area  Plate-thickness       Alpha        Iyy         Izz           J
     1    8.000e-04    1.000e+00        0.000e+00                2.000e-04
     2    3.000e-04    1.000e+00        0.000e+00                2.000e-04
     3    2.000e-04    1.000e+00        0.000e+00                2.000e-04

  ====== Element Definition Data ======
  Type      Number   Mcode Pcode       Node-list ....
  BEAM2D       1       1     1      1      2
  BEAM2D       2       1     1      2      3
  BAR2         3       1     2      1      4
  BAR2         4       1     2      4      3
  BAR2         5       1     3      4      2

  Type      Number                      Element Loads
                           wx          wy          wz     Temperature
  BEAM2D      1        0.000e+00   0.000e+00               0.000e+00
  BEAM2D      2        0.000e+00   0.000e+00               0.000e+00
  BAR2        3        0.000e+00                           0.000e+00
  BAR2        4        0.000e+00                           0.000e+00
  BAR2        5        0.000e+00                           0.000e+00

  ========= Nodal Boundary Conditions and Nodal Load Data =======
  1. Prescribed Nodal Loads
  Node  x-BCtag y-BCtag th-BCtag       Prescribed
                                  Fx         Fy        Mzz
    1    1.000    1.000    0.000  0.000e+00  0.000e+00  0.000e+00
    2    0.000    0.000    1.000  0.000e+00  1.000e+00  0.000e+00
    3    1.000    1.000    0.000  0.000e+00  0.000e+00  0.000e+00
    4    0.000    0.000    1.000  0.000e+00  0.000e+00  0.000e+00

  2. Prescribed Displacement
  Node  x-BCtag y-BCtag th-BCtag       Prescribed
                                  Ux         Uy        Rzz
    1   1.000    1.000    0.000   0.000e+00  0.000e+00  0.000e+00
    2   0.000    0.000    1.000   0.000e+00  0.000e+00  0.000e+00
    3   1.000    1.000    0.000   0.000e+00  0.000e+00  0.000e+00
    4   0.000    0.000    1.000   0.000e+00  0.000e+00  0.000e+00

 Eigenvalues of Kff - master stiffness matrix:
             1             2             3             4             5             6
   1     0.000e+00     1.591e+03     1.830e+04     3.354e+04     4.053e+04     6.400e+04

  --------- Computed  Node Displacements  -------
  Node   x-coord    y-coord     x-displ      y-displ      Angle
     1   0.000e+00   0.000e+00   0.000e+00   0.000e+00         NaN
     2   5.000e+00   0.000e+00         NaN         NaN   0.000e+00
     3   1.000e+01   0.000e+00   0.000e+00   0.000e+00         NaN
     4   5.000e+00  -2.000e+00         NaN  -6.250e-05   0.000e+00
  ------------ Computed Node Forces -------------
  Node   x-coord    y-coord    x-force      y-force      Moment
     1   0.000e+00   0.000e+00         NaN         NaN   0.000e+00
     2   5.000e+00   0.000e+00   0.000e+00   1.000e+00         NaN
     3   1.000e+01   0.000e+00         NaN         NaN   0.000e+00
     4   5.000e+00  -2.000e+00   0.000e+00   0.000e+00         NaN

 --------- Bar Axial Forces ---------
 Type   Number  Node1  Node2     Force          Stress
 BAR2        3      1      4            NaN            NaN
 BAR2        4      4      3            NaN            NaN
 BAR2        5      4      2            NaN            NaN

 --------- Beam Section Forces Information---------
 Type   Number  Node      Force-Local_x   Force-Local_y     Moment
 BEAM2D      1      1             NaN             NaN             NaN
                    2             NaN             NaN             NaN
 BEAM2D      2      2             NaN             NaN             NaN
                    3             NaN             NaN             NaN

