**********************************************************************
*     FEPS (Finite Element Analysis Program for General Structure)   *
*     Author: Minho Kwon, Sept. 2025 implemented as Python           *
*             Ported to C# .NET 10                                  *
*             for graduate course in Dept. of Civil Engineering      *
*             Gyeongsang National University, Jinju, Korea.          *
**********************************************************************



 Input file name: 3dtruss-ex1.inp


  === Node Definition Data ===
  Node     x-coord     y-coord     z-coord
     1       0.000       0.000       0.000
     2      10.000       5.000       0.000
     3      10.000       0.000       0.000
     4      20.000       8.000       0.000
     5      20.000       0.000       0.000
     6      30.000       9.000       0.000
     7      30.000       0.000       0.000
     8      40.000       8.000       0.000
     9      40.000       0.000       0.000
     10      50.000       5.000       0.000
     11      50.000       0.000       0.000
     12      60.000       0.000       0.000

  === Material Definition Data ===
   Code  El.modulus  Pois.ratio
    1     1.000e+03      0.000

  ==== Property Definition Data ====
   Code    Bar-area  Plate-thickness       Alpha        Iyy         Izz           J
     1    2.000e+00    1.000e+00        0.000e+00
     2    1.000e+01    1.000e+00        0.000e+00
     3    3.000e+00    1.000e+00        0.000e+00
     4    1.000e+00    1.000e+00        0.000e+00

  ====== Element Definition Data ======
  Type      Number   Mcode Pcode       Node-list ....
  BAR3D        1       1     1      1      3
  BAR3D        2       1     1      3      5
  BAR3D        3       1     1      5      7
  BAR3D        4       1     1      7      9
  BAR3D        5       1     1      9      11
  BAR3D        6       1     1      11      12
  BAR3D        7       1     2      1      2
  BAR3D        8       1     2      2      4
  BAR3D        9       1     2      4      6
  BAR3D        10       1     2      6      8
  BAR3D        11       1     2      8      10
  BAR3D        12       1     2      10      12
  BAR3D        13       1     3      2      3
  BAR3D        14       1     3      4      5
  BAR3D        15       1     3      6      7
  BAR3D        16       1     3      8      9
  BAR3D        17       1     3      10      11
  BAR3D        18       1     4      2      5
  BAR3D        19       1     4      4      7
  BAR3D        20       1     4      7      8
  BAR3D        21       1     4      9      10

  Type      Number                      Element Loads
                           wx          wy          wz     Temperature
  BAR3D       1        0.000e+00                           0.000e+00
  BAR3D       2        0.000e+00                           0.000e+00
  BAR3D       3        0.000e+00                           0.000e+00
  BAR3D       4        0.000e+00                           0.000e+00
  BAR3D       5        0.000e+00                           0.000e+00
  BAR3D       6        0.000e+00                           0.000e+00
  BAR3D       7        0.000e+00                           0.000e+00
  BAR3D       8        0.000e+00                           0.000e+00
  BAR3D       9        0.000e+00                           0.000e+00
  BAR3D       10        0.000e+00                           0.000e+00
  BAR3D       11        0.000e+00                           0.000e+00
  BAR3D       12        0.000e+00                           0.000e+00
  BAR3D       13        0.000e+00                           0.000e+00
  BAR3D       14        0.000e+00                           0.000e+00
  BAR3D       15        0.000e+00                           0.000e+00
  BAR3D       16        0.000e+00                           0.000e+00
  BAR3D       17        0.000e+00                           0.000e+00
  BAR3D       18        0.000e+00                           0.000e+00
  BAR3D       19        0.000e+00                           0.000e+00
  BAR3D       20        0.000e+00                           0.000e+00
  BAR3D       21        0.000e+00                           0.000e+00

  ========= Nodal Boundary Conditions and Nodal Load Data =======
  1. Prescribed Nodal Loads
  Node  x-BCtag y-BCtag z-BCtag        Prescribed               
                                  Fx         Fy         Fz
    1    1.000    1.000    1.000  0.000e+00  0.000e+00  0.000e+00
    2    0.000    0.000    1.000  0.000e+00  0.000e+00  0.000e+00
    3    0.000    0.000    1.000  0.000e+00 -1.000e+01  0.000e+00
    4    0.000    0.000    1.000  0.000e+00  0.000e+00  0.000e+00
    5    0.000    0.000    1.000  0.000e+00 -1.000e+01  0.000e+00
    6    0.000    0.000    1.000  0.000e+00  0.000e+00  0.000e+00
    7    0.000    0.000    1.000  0.000e+00 -1.600e+01  0.000e+00
    8    0.000    0.000    1.000  0.000e+00  0.000e+00  0.000e+00
    9    0.000    0.000    1.000  0.000e+00 -1.000e+01  0.000e+00
   10    0.000    0.000    1.000  0.000e+00  0.000e+00  0.000e+00
   11    0.000    0.000    1.000  0.000e+00 -1.000e+01  0.000e+00
   12    0.000    1.000    1.000  0.000e+00  0.000e+00  0.000e+00

  2. Prescribed Displacement
  Node  x-BCtag y-BCtag z-BCtag        Prescribed               
                                  Ux         Uy         Uz
    1   1.000    1.000    1.000   0.000e+00  0.000e+00  0.000e+00
    2   0.000    0.000    1.000   0.000e+00  0.000e+00  0.000e+00
    3   0.000    0.000    1.000   0.000e+00  0.000e+00  0.000e+00
    4   0.000    0.000    1.000   0.000e+00  0.000e+00  0.000e+00
    5   0.000    0.000    1.000   0.000e+00  0.000e+00  0.000e+00
    6   0.000    0.000    1.000   0.000e+00  0.000e+00  0.000e+00
    7   0.000    0.000    1.000   0.000e+00  0.000e+00  0.000e+00
    8   0.000    0.000    1.000   0.000e+00  0.000e+00  0.000e+00
    9   0.000    0.000    1.000   0.000e+00  0.000e+00  0.000e+00
   10   0.000    0.000    1.000   0.000e+00  0.000e+00  0.000e+00
   11   0.000    0.000    1.000   0.000e+00  0.000e+00  0.000e+00
   12   0.000    1.000    1.000   0.000e+00  0.000e+00  0.000e+00

 Eigenvalues of Kff - master stiffness matrix:
             1             2             3             4             5             6             7             8
   1     2.090e+00     8.289e+00     2.407e+01     3.798e+01     4.851e+01     5.734e+01     1.711e+02     2.464e+02
             9            10            11            12            13            14            15            16
   1     3.861e+02     5.611e+02     6.264e+02     6.902e+02     7.621e+02     7.946e+02     8.264e+02     1.047e+03
            17            18            19            20            21
   1     1.136e+03     1.415e+03     2.194e+03     3.031e+03     3.687e+03

  --------- Computed  Node Displacements  -------
  Node   x-coord    y-coord     z-coord     x-displ      y-displ      z-displ
     1   0.000e+00   0.000e+00   0.000e+00   0.000e+00   0.000e+00   0.000e+00
     2   1.000e+01   5.000e+00   0.000e+00   8.095e-01  -1.776e+00   0.000e+00
     3   1.000e+01   0.000e+00   0.000e+00   2.800e-01  -1.792e+00   0.000e+00
     4   2.000e+01   8.000e+00   0.000e+00   8.990e-01  -2.292e+00   0.000e+00
     5   2.000e+01   0.000e+00   0.000e+00   5.600e-01  -2.317e+00   0.000e+00
     6   3.000e+01   9.000e+00   0.000e+00   8.475e-01  -2.386e+00   0.000e+00
     7   3.000e+01   0.000e+00   0.000e+00   8.475e-01  -2.422e+00   0.000e+00
     8   4.000e+01   8.000e+00   0.000e+00   7.960e-01  -2.292e+00   0.000e+00
     9   4.000e+01   0.000e+00   0.000e+00   1.135e+00  -2.317e+00   0.000e+00
    10   5.000e+01   5.000e+00   0.000e+00   8.855e-01  -1.776e+00   0.000e+00
    11   5.000e+01   0.000e+00   0.000e+00   1.415e+00  -1.792e+00   0.000e+00
    12   6.000e+01   0.000e+00   0.000e+00   1.695e+00   0.000e+00   0.000e+00
  ------------ Computed Node Forces -------------
  Node   x-coord    y-coord     z-coord     x-force      y-force      z-force
     1   0.000e+00   0.000e+00   0.000e+00  -2.132e-13   2.800e+01   0.000e+00
     2   1.000e+01   5.000e+00   0.000e+00   0.000e+00   0.000e+00   0.000e+00
     3   1.000e+01   0.000e+00   0.000e+00   0.000e+00  -1.000e+01   0.000e+00
     4   2.000e+01   8.000e+00   0.000e+00   0.000e+00   0.000e+00   0.000e+00
     5   2.000e+01   0.000e+00   0.000e+00   0.000e+00  -1.000e+01   0.000e+00
     6   3.000e+01   9.000e+00   0.000e+00   0.000e+00   0.000e+00   0.000e+00
     7   3.000e+01   0.000e+00   0.000e+00   0.000e+00  -1.600e+01   0.000e+00
     8   4.000e+01   8.000e+00   0.000e+00   0.000e+00   0.000e+00   0.000e+00
     9   4.000e+01   0.000e+00   0.000e+00   0.000e+00  -1.000e+01   0.000e+00
    10   5.000e+01   5.000e+00   0.000e+00   0.000e+00   0.000e+00   0.000e+00
    11   5.000e+01   0.000e+00   0.000e+00   0.000e+00  -1.000e+01   0.000e+00
    12   6.000e+01   0.000e+00   0.000e+00   0.000e+00   2.800e+01   0.000e+00

 --------- Bar Axial Forces ---------
 Type   Number  Node1  Node2     Force          Stress
 BAR3D       1      1      3      56.000000      28.000000
 BAR3D       2      3      5      56.000000      28.000000
 BAR3D       3      5      7      57.500000      28.750000
 BAR3D       4      7      9      57.500000      28.750000
 BAR3D       5      9     11      56.000000      28.000000
 BAR3D       6     11     12      56.000000      28.000000
 BAR3D       7      1      2     -62.609903      -6.260990
 BAR3D       8      2      4     -60.031762      -6.003176
 BAR3D       9      4      6     -60.299254      -6.029925
 BAR3D      10      6      8     -60.299254      -6.029925
 BAR3D      11      8     10     -60.031762      -6.003176
 BAR3D      12     10     12     -62.609903      -6.260990
 BAR3D      13      2      3      10.000000       3.333333
 BAR3D      14      4      5       9.250000       3.083333
 BAR3D      15      6      7      12.000000       4.000000
 BAR3D      16      8      9       9.250000       3.083333
 BAR3D      17     10     11      10.000000       3.333333
 BAR3D      18      2      5       1.677051       1.677051
 BAR3D      19      4      7       3.201562       3.201562
 BAR3D      20      7      8       3.201562       3.201562
 BAR3D      21      9     10       1.677051       1.677051

