**********************************************************************
*     FEPS (Finite Element Analysis Program for General Structure)   *
*     Author: Minho Kwon, Sept. 2025 implemented as Python           *
*             Ported to C# .NET 10                                  *
*             for graduate course in Dept. of Civil Engineering      *
*             Gyeongsang National University, Jinju, Korea.          *
**********************************************************************



 Input file name: ex-model-4quad.inp


  === Node Definition Data ===
  Node     x-coord     y-coord
     1       0.000       6.000
     2       0.000       4.500
     3       0.000       3.400
     4       0.000       2.500
     5       0.000       1.800
     6       0.000       1.350
     7       0.000       1.000
     8       2.500       6.000
     9       1.865       4.477
     10       1.399       3.360
     11       1.018       2.447
     12       0.722       1.736
     13       0.531       1.279
     14       0.383       0.924
     15       5.000       6.000
     16       3.712       4.412
     17       2.768       3.248
     18       1.995       2.295
     19       1.394       1.554
     20       1.008       1.078
     21       0.707       0.707
     22       5.000       2.000
     23       3.777       1.515
     24       2.880       1.159
     25       2.147       0.868
     26       1.576       0.642
     27       1.209       0.496
     28       0.924       0.383
     29       5.000       0.000
     30       3.800       0.000
     31       2.920       0.000
     32       2.200       0.000
     33       1.640       0.000
     34       1.280       0.000
     35       1.000       0.000

  === Material Definition Data ===
   Code  El.modulus  Pois.ratio
    1     1.000e+04      0.250

  ==== Property Definition Data ====
   Code    Bar-area  Plate-thickness       Alpha        Iyy         Izz           J
     1    0.000e+00    3.000e+00        0.000e+00

  ====== Element Definition Data ======
  Type      Number   Mcode Pcode       Node-list ....
  QUAD4        1       1     1      1      2      9      8
  QUAD4        2       1     1      2      3      10      9
  QUAD4        3       1     1      3      4      11      10
  QUAD4        4       1     1      4      5      12      11
  QUAD4        5       1     1      5      6      13      12
  QUAD4        6       1     1      6      7      14      13
  QUAD4        7       1     1      8      9      16      15
  QUAD4        8       1     1      9      10      17      16
  QUAD4        9       1     1      10      11      18      17
  QUAD4        10       1     1      11      12      19      18
  QUAD4        11       1     1      12      13      20      19
  QUAD4        12       1     1      13      14      21      20
  QUAD4        13       1     1      15      16      23      22
  QUAD4        14       1     1      16      17      24      23
  QUAD4        15       1     1      17      18      25      24
  QUAD4        16       1     1      18      19      26      25
  QUAD4        17       1     1      19      20      27      26
  QUAD4        18       1     1      20      21      28      27
  QUAD4        19       1     1      22      23      30      29
  QUAD4        20       1     1      23      24      31      30
  QUAD4        21       1     1      24      25      32      31
  QUAD4        22       1     1      25      26      33      32
  QUAD4        23       1     1      26      27      34      33
  QUAD4        24       1     1      27      28      35      34

  Type      Number                      Element Loads
                           wx          wy          wz     Temperature
  QUAD4       1        0.000e+00   0.000e+00               0.000e+00
  QUAD4       2        0.000e+00   0.000e+00               0.000e+00
  QUAD4       3        0.000e+00   0.000e+00               0.000e+00
  QUAD4       4        0.000e+00   0.000e+00               0.000e+00
  QUAD4       5        0.000e+00   0.000e+00               0.000e+00
  QUAD4       6        0.000e+00   0.000e+00               0.000e+00
  QUAD4       7        0.000e+00   0.000e+00               0.000e+00
  QUAD4       8        0.000e+00   0.000e+00               0.000e+00
  QUAD4       9        0.000e+00   0.000e+00               0.000e+00
  QUAD4       10        0.000e+00   0.000e+00               0.000e+00
  QUAD4       11        0.000e+00   0.000e+00               0.000e+00
  QUAD4       12        0.000e+00   0.000e+00               0.000e+00
  QUAD4       13        0.000e+00   0.000e+00               0.000e+00
  QUAD4       14        0.000e+00   0.000e+00               0.000e+00
  QUAD4       15        0.000e+00   0.000e+00               0.000e+00
  QUAD4       16        0.000e+00   0.000e+00               0.000e+00
  QUAD4       17        0.000e+00   0.000e+00               0.000e+00
  QUAD4       18        0.000e+00   0.000e+00               0.000e+00
  QUAD4       19        0.000e+00   0.000e+00               0.000e+00
  QUAD4       20        0.000e+00   0.000e+00               0.000e+00
  QUAD4       21        0.000e+00   0.000e+00               0.000e+00
  QUAD4       22        0.000e+00   0.000e+00               0.000e+00
  QUAD4       23        0.000e+00   0.000e+00               0.000e+00
  QUAD4       24        0.000e+00   0.000e+00               0.000e+00

  ========= Nodal Boundary Conditions and Nodal Load Data =======
  1. Prescribed Nodal Loads
  Node  x-BCtag y-BCtag  Prescribed
                         Fx         Fy
    1    1.000    0.000  0.000e+00  3.750e+01
    2    1.000    0.000  0.000e+00  0.000e+00
    3    1.000    0.000  0.000e+00  0.000e+00
    4    1.000    0.000  0.000e+00  0.000e+00
    5    1.000    0.000  0.000e+00  0.000e+00
    6    1.000    0.000  0.000e+00  0.000e+00
    7    1.000    0.000  0.000e+00  0.000e+00
    8    0.000    0.000  0.000e+00  7.500e+01
    9    0.000    0.000  0.000e+00  0.000e+00
   10    0.000    0.000  0.000e+00  0.000e+00
   11    0.000    0.000  0.000e+00  0.000e+00
   12    0.000    0.000  0.000e+00  0.000e+00
   13    0.000    0.000  0.000e+00  0.000e+00
   14    0.000    0.000  0.000e+00  0.000e+00
   15    0.000    0.000  0.000e+00  3.750e+01
   16    0.000    0.000  0.000e+00  0.000e+00
   17    0.000    0.000  0.000e+00  0.000e+00
   18    0.000    0.000  0.000e+00  0.000e+00
   19    0.000    0.000  0.000e+00  0.000e+00
   20    0.000    0.000  0.000e+00  0.000e+00
   21    0.000    0.000  0.000e+00  0.000e+00
   22    0.000    0.000  0.000e+00  0.000e+00
   23    0.000    0.000  0.000e+00  0.000e+00
   24    0.000    0.000  0.000e+00  0.000e+00
   25    0.000    0.000  0.000e+00  0.000e+00
   26    0.000    0.000  0.000e+00  0.000e+00
   27    0.000    0.000  0.000e+00  0.000e+00
   28    0.000    0.000  0.000e+00  0.000e+00
   29    0.000    1.000  0.000e+00  0.000e+00
   30    0.000    1.000  0.000e+00  0.000e+00
   31    0.000    1.000  0.000e+00  0.000e+00
   32    0.000    1.000  0.000e+00  0.000e+00
   33    0.000    1.000  0.000e+00  0.000e+00
   34    0.000    1.000  0.000e+00  0.000e+00
   35    0.000    1.000  0.000e+00  0.000e+00

  2. Prescribed Displacement
  Node  x-BCtag y-BCtag  Prescribed
                         Ux         Uy
    1   1.000    0.000   0.000e+00  0.000e+00
    2   1.000    0.000   0.000e+00  0.000e+00
    3   1.000    0.000   0.000e+00  0.000e+00
    4   1.000    0.000   0.000e+00  0.000e+00
    5   1.000    0.000   0.000e+00  0.000e+00
    6   1.000    0.000   0.000e+00  0.000e+00
    7   1.000    0.000   0.000e+00  0.000e+00
    8   0.000    0.000   0.000e+00  0.000e+00
    9   0.000    0.000   0.000e+00  0.000e+00
   10   0.000    0.000   0.000e+00  0.000e+00
   11   0.000    0.000   0.000e+00  0.000e+00
   12   0.000    0.000   0.000e+00  0.000e+00
   13   0.000    0.000   0.000e+00  0.000e+00
   14   0.000    0.000   0.000e+00  0.000e+00
   15   0.000    0.000   0.000e+00  0.000e+00
   16   0.000    0.000   0.000e+00  0.000e+00
   17   0.000    0.000   0.000e+00  0.000e+00
   18   0.000    0.000   0.000e+00  0.000e+00
   19   0.000    0.000   0.000e+00  0.000e+00
   20   0.000    0.000   0.000e+00  0.000e+00
   21   0.000    0.000   0.000e+00  0.000e+00
   22   0.000    0.000   0.000e+00  0.000e+00
   23   0.000    0.000   0.000e+00  0.000e+00
   24   0.000    0.000   0.000e+00  0.000e+00
   25   0.000    0.000   0.000e+00  0.000e+00
   26   0.000    0.000   0.000e+00  0.000e+00
   27   0.000    0.000   0.000e+00  0.000e+00
   28   0.000    0.000   0.000e+00  0.000e+00
   29   0.000    1.000   0.000e+00  0.000e+00
   30   0.000    1.000   0.000e+00  0.000e+00
   31   0.000    1.000   0.000e+00  0.000e+00
   32   0.000    1.000   0.000e+00  0.000e+00
   33   0.000    1.000   0.000e+00  0.000e+00
   34   0.000    1.000   0.000e+00  0.000e+00
   35   0.000    1.000   0.000e+00  0.000e+00

 Eigenvalues of Kff - master stiffness matrix:
             1             2             3             4             5             6             7             8
   1     8.638e+02     2.251e+03     4.314e+03     4.661e+03     6.811e+03     8.101e+03     1.013e+04     1.245e+04
             9            10            11            12            13            14            15            16
   1     1.474e+04     1.574e+04     1.678e+04     1.890e+04     2.007e+04     2.180e+04     2.363e+04     2.588e+04
            17            18            19            20            21            22            23            24
   1     2.620e+04     2.822e+04     2.958e+04     3.040e+04     3.275e+04     3.371e+04     3.606e+04     3.698e+04
            25            26            27            28            29            30            31            32
   1     3.927e+04     4.095e+04     4.168e+04     4.410e+04     4.450e+04     4.725e+04     4.892e+04     4.978e+04
            33            34            35            36            37            38            39            40
   1     5.202e+04     5.303e+04     5.466e+04     5.468e+04     5.619e+04     5.828e+04     6.125e+04     6.417e+04
            41            42            43            44            45            46            47            48
   1     6.647e+04     6.776e+04     7.175e+04     7.862e+04     8.212e+04     8.833e+04     9.144e+04     9.463e+04
            49            50            51            52            53            54            55            56
   1     9.801e+04     1.022e+05     1.067e+05     1.166e+05     1.295e+05     1.341e+05     1.557e+05     1.943e+05

  --------- Computed  Node Displacements  -------
  Node   x-coord    y-coord     x-displ      y-displ
     1   0.000e+00   6.000e+00   0.000e+00   6.816e-03
     2   0.000e+00   4.500e+00   0.000e+00   5.382e-03
     3   0.000e+00   3.400e+00   0.000e+00   4.389e-03
     4   0.000e+00   2.500e+00   0.000e+00   3.681e-03
     5   0.000e+00   1.800e+00   0.000e+00   3.273e-03
     6   0.000e+00   1.350e+00   0.000e+00   3.133e-03
     7   0.000e+00   1.000e+00   0.000e+00   3.052e-03
     8   2.500e+00   6.000e+00  -3.024e-04   6.511e-03
     9   1.865e+00   4.477e+00  -3.624e-04   5.123e-03
    10   1.399e+00   3.360e+00  -2.959e-04   4.124e-03
    11   1.018e+00   2.447e+00  -2.090e-04   3.373e-03
    12   7.215e-01   1.736e+00  -1.384e-04   2.912e-03
    13   5.309e-01   1.279e+00  -1.465e-04   2.763e-03
    14   3.827e-01   9.239e-01  -3.785e-04   2.793e-03
    15   5.000e+00   6.000e+00  -8.655e-04   6.008e-03
    16   3.712e+00   4.412e+00  -8.123e-04   4.658e-03
    17   2.768e+00   3.248e+00  -7.122e-04   3.646e-03
    18   1.995e+00   2.295e+00  -5.802e-04   2.811e-03
    19   1.394e+00   1.554e+00  -4.752e-04   2.221e-03
    20   1.008e+00   1.078e+00  -4.675e-04   1.963e-03
    21   7.071e-01   7.071e-01  -6.921e-04   2.104e-03
    22   5.000e+00   2.000e+00  -1.585e-03   1.933e-03
    23   3.777e+00   1.515e+00  -1.341e-03   1.587e-03
    24   2.880e+00   1.159e+00  -1.158e-03   1.281e-03
    25   2.147e+00   8.679e-01  -1.029e-03   1.033e-03
    26   1.576e+00   6.415e-01  -9.692e-04   8.863e-04
    27   1.209e+00   4.959e-01  -9.708e-04   9.004e-04
    28   9.239e-01   3.827e-01  -9.632e-04   1.142e-03
    29   5.000e+00   0.000e+00  -1.800e-03   0.000e+00
    30   3.800e+00   0.000e+00  -1.519e-03   0.000e+00
    31   2.920e+00   0.000e+00  -1.341e-03   0.000e+00
    32   2.200e+00   0.000e+00  -1.241e-03   0.000e+00
    33   1.640e+00   0.000e+00  -1.206e-03   0.000e+00
    34   1.280e+00   0.000e+00  -1.179e-03   0.000e+00
    35   1.000e+00   0.000e+00  -1.056e-03   0.000e+00
  ------------ Computed Node Forces -------------
  Node   x-coord    y-coord    x-force      y-force
     1   0.000e+00   6.000e+00  -3.639e+00   3.750e+01
     2   0.000e+00   4.500e+00  -2.795e+00   0.000e+00
     3   0.000e+00   3.400e+00  -1.126e+00   0.000e+00
     4   0.000e+00   2.500e+00  -5.910e-01   0.000e+00
     5   0.000e+00   1.800e+00   2.454e-01   0.000e+00
     6   0.000e+00   1.350e+00   3.083e+00   0.000e+00
     7   0.000e+00   1.000e+00   4.823e+00   0.000e+00
     8   2.500e+00   6.000e+00   0.000e+00   7.500e+01
     9   1.865e+00   4.477e+00   0.000e+00   0.000e+00
    10   1.399e+00   3.360e+00   0.000e+00   0.000e+00
    11   1.018e+00   2.447e+00   0.000e+00   0.000e+00
    12   7.215e-01   1.736e+00   0.000e+00   0.000e+00
    13   5.309e-01   1.279e+00   0.000e+00   0.000e+00
    14   3.827e-01   9.239e-01   0.000e+00   0.000e+00
    15   5.000e+00   6.000e+00   0.000e+00   3.750e+01
    16   3.712e+00   4.412e+00   0.000e+00   0.000e+00
    17   2.768e+00   3.248e+00   0.000e+00   0.000e+00
    18   1.995e+00   2.295e+00   0.000e+00   0.000e+00
    19   1.394e+00   1.554e+00   0.000e+00   0.000e+00
    20   1.008e+00   1.078e+00   0.000e+00   0.000e+00
    21   7.071e-01   7.071e-01   0.000e+00   0.000e+00
    22   5.000e+00   2.000e+00   0.000e+00   0.000e+00
    23   3.777e+00   1.515e+00   0.000e+00   0.000e+00
    24   2.880e+00   1.159e+00   0.000e+00   0.000e+00
    25   2.147e+00   8.679e-01   0.000e+00   0.000e+00
    26   1.576e+00   6.415e-01   0.000e+00   0.000e+00
    27   1.209e+00   4.959e-01   0.000e+00   0.000e+00
    28   9.239e-01   3.827e-01   0.000e+00   0.000e+00
    29   5.000e+00   0.000e+00   0.000e+00  -1.704e+01
    30   3.800e+00   0.000e+00   0.000e+00  -3.233e+01
    31   2.920e+00   0.000e+00   0.000e+00  -2.656e+01
    32   2.200e+00   0.000e+00   0.000e+00  -2.317e+01
    33   1.640e+00   0.000e+00   0.000e+00  -1.963e+01
    34   1.280e+00   0.000e+00   0.000e+00  -1.871e+01
    35   1.000e+00   0.000e+00   0.000e+00  -1.255e+01


 Element stress computation method: DIRECT

  --------------------------- Averaged Nodal Stresses -------------------------------------------------
   Node    x-coord     y-coord    Sigma-xx     Sigma-yy     Tau-xy    Sigma-max    Sigma-min    Mises
     1       0.000       6.000       1.2586      9.8731     -0.4873      9.9006      1.2311      9.3461
     2       0.000       4.500       0.4050      9.3935     -0.5099      9.4224      0.3761      9.2402
     3       0.000       3.400      -0.0033      8.4457     -0.6625      8.4976     -0.0552      8.5265
     4       0.000       2.500      -0.3640      6.7553     -1.0674      6.9145     -0.5232      7.1973
     5       0.000       1.800      -0.8547      4.2539     -1.8445      4.8707     -1.4715      5.7877
     6       0.000       1.350      -2.2198      2.1605     -2.6462      3.4080     -3.4672      5.9600
     7       0.000       1.000      -9.9304     -0.1614     -2.5271      0.4536    -10.5454     10.7794
     8       2.500       6.000       0.7641      9.9804     -0.1998      9.9852      0.7594      9.6392
     9       1.865       4.477       0.2857      9.8198     -0.3665      9.8397      0.2659      9.7114
    10       1.399       3.360      -0.1980      9.4363     -0.7487      9.4961     -0.2577      9.6352
    11       1.018       2.447      -0.7317      8.6116     -1.2903      8.7889     -0.9089      9.3042
    12       0.722       1.736      -1.4644      7.1089     -2.1153      7.6065     -1.9620      8.8190
    13       0.531       1.279      -2.1263      4.9135     -2.1568      5.6229     -2.8357      7.4783
    14       0.383       0.924      -5.3630      2.7116     -1.0696      3.4685     -6.1199      8.8920
    15       5.000       6.000       0.1060     10.1883     -0.1601     10.1911      0.1032     10.1413
    16       3.712       4.412      -0.0371     10.4361     -0.2913     10.4449     -0.0460     10.4721
    17       2.768       3.248      -0.6415     10.8367     -0.4821     10.8578     -0.6627     11.2102
    18       1.995       2.295      -1.4073     11.4248     -0.8604     11.4857     -1.4682     12.2979
    19       1.394       1.554      -2.1731     12.1469     -1.5842     12.3322     -2.3584     13.6841
    20       1.008       1.078      -1.6365     11.4725     -2.8260     12.1635     -2.3276     13.5156
    21       0.707       0.707       0.3263     11.6930     -4.3439     13.2306     -1.2114     13.9263
    22       5.000       2.000      -0.0913      9.9034      0.1309      9.9061     -0.0940      9.9537
    23       3.777       1.515       0.0384     10.5277      0.1585     10.5326      0.0335     10.5164
    24       2.880       1.159       0.2132     11.1951      0.2870     11.2031      0.2052     11.1029
    25       2.147       0.868       0.6183     12.1846      0.3171     12.1953      0.6076     11.9075
    26       1.576       0.642       1.2966     13.8983     -0.0304     13.9260      1.2689     13.3465
    27       1.209       0.496       1.6129     16.0500     -1.9467     16.4993      1.1636     15.9763
    28       0.924       0.383       3.8946     23.5115     -5.2306     24.8443      2.5619     23.6804
    29       5.000       0.000       0.0773      9.6837      0.4312      9.7031      0.0580      9.6742
    30       3.800       0.000       0.4677     10.5940      0.4582     10.6147      0.4470     10.3995
    31       2.920       0.000       1.1280     11.3385      0.6108     11.3750      1.0916     10.8743
    32       2.200       0.000       2.0978     12.4324      0.9502     12.5192      2.0110     11.6503
    33       1.640       0.000       2.9528     14.5546      1.4487     14.7328      2.7746     13.5602
    34       1.280       0.000       2.0970     18.6811      1.5333     18.8250      1.9531     18.0083
    35       1.000       0.000       3.2633     30.6536      0.6185     30.6676      3.2493     29.1790
