**********************************************************************
*     FEPS (Finite Element Analysis Program for General Structure)   *
*     Author: Minho Kwon, Sept. 2025 implemented as Python           *
*             Ported to C# .NET 10                                  *
*             for graduate course in Dept. of Civil Engineering      *
*             Gyeongsang National University, Jinju, Korea.          *
**********************************************************************



 Input file name: 3dtruss-hw.inp


  === Node Definition Data ===
  Node     x-coord     y-coord     z-coord
     1     -37.500       0.000     200.000
     2      37.500       0.000     200.000
     3     -37.500      37.500     100.000
     4      37.500      37.500     100.000
     5      37.500     -37.500     100.000
     6     -37.500     -37.500     100.000
     7    -100.000     100.000       0.000
     8     100.000     100.000       0.000
     9     100.000    -100.000       0.000
     10    -100.000    -100.000       0.000

  === Material Definition Data ===
   Code  El.modulus  Pois.ratio
    1     1.000e+07      0.000

  ==== Property Definition Data ====
   Code    Bar-area  Plate-thickness       Alpha        Iyy         Izz           J
     1    3.300e-02    1.000e+00        0.000e+00
     2    2.015e+00    1.000e+00        0.000e+00
     3    2.823e+00    1.000e+00        0.000e+00
     4    1.000e-02    1.000e+00        0.000e+00
     5    1.400e-02    1.000e+00        0.000e+00
     6    9.800e-01    1.000e+00        0.000e+00
     7    1.760e+00    1.000e+00        0.000e+00
     8    2.440e+00    1.000e+00        0.000e+00

  ====== Element Definition Data ======
  Type      Number   Mcode Pcode       Node-list ....
  BAR3D        1       1     1      1      2
  BAR3D        2       1     2      1      4
  BAR3D        3       1     2      2      3
  BAR3D        4       1     2      1      5
  BAR3D        5       1     2      2      6
  BAR3D        6       1     3      2      4
  BAR3D        7       1     3      2      5
  BAR3D        8       1     3      1      3
  BAR3D        9       1     3      1      6
  BAR3D        10       1     4      3      6
  BAR3D        11       1     4      4      5
  BAR3D        12       1     5      3      4
  BAR3D        13       1     5      5      6
  BAR3D        14       1     6      3      10
  BAR3D        15       1     6      6      7
  BAR3D        16       1     6      4      9
  BAR3D        17       1     6      5      8
  BAR3D        18       1     7      4      7
  BAR3D        19       1     7      3      8
  BAR3D        20       1     7      5      10
  BAR3D        21       1     7      6      9
  BAR3D        22       1     8      6      10
  BAR3D        23       1     8      3      7
  BAR3D        24       1     8      5      9
  BAR3D        25       1     8      4      8

  Type      Number                      Element Loads
                           wx          wy          wz     Temperature
  BAR3D       1        0.000e+00                           0.000e+00
  BAR3D       2        0.000e+00                           0.000e+00
  BAR3D       3        0.000e+00                           0.000e+00
  BAR3D       4        0.000e+00                           0.000e+00
  BAR3D       5        0.000e+00                           0.000e+00
  BAR3D       6        0.000e+00                           0.000e+00
  BAR3D       7        0.000e+00                           0.000e+00
  BAR3D       8        0.000e+00                           0.000e+00
  BAR3D       9        0.000e+00                           0.000e+00
  BAR3D       10        0.000e+00                           0.000e+00
  BAR3D       11        0.000e+00                           0.000e+00
  BAR3D       12        0.000e+00                           0.000e+00
  BAR3D       13        0.000e+00                           0.000e+00
  BAR3D       14        0.000e+00                           0.000e+00
  BAR3D       15        0.000e+00                           0.000e+00
  BAR3D       16        0.000e+00                           0.000e+00
  BAR3D       17        0.000e+00                           0.000e+00
  BAR3D       18        0.000e+00                           0.000e+00
  BAR3D       19        0.000e+00                           0.000e+00
  BAR3D       20        0.000e+00                           0.000e+00
  BAR3D       21        0.000e+00                           0.000e+00
  BAR3D       22        0.000e+00                           0.000e+00
  BAR3D       23        0.000e+00                           0.000e+00
  BAR3D       24        0.000e+00                           0.000e+00
  BAR3D       25        0.000e+00                           0.000e+00

  ========= Nodal Boundary Conditions and Nodal Load Data =======
  1. Prescribed Nodal Loads
  Node  x-BCtag y-BCtag z-BCtag        Prescribed               
                                  Fx         Fy         Fz
    1    0.000    0.000    0.000  1.000e+03  1.000e+04 -5.000e+03
    2    0.000    0.000    0.000  0.000e+00  1.000e+04 -5.000e+03
    3    0.000    0.000    0.000  5.000e+02  0.000e+00  0.000e+00
    4    0.000    0.000    0.000  0.000e+00  0.000e+00  0.000e+00
    5    0.000    0.000    0.000  0.000e+00  0.000e+00  0.000e+00
    6    0.000    0.000    0.000  5.000e+02  0.000e+00  0.000e+00
    7    1.000    1.000    1.000  0.000e+00  0.000e+00  0.000e+00
    8    1.000    1.000    1.000  0.000e+00  0.000e+00  0.000e+00
    9    1.000    1.000    1.000  0.000e+00  0.000e+00  0.000e+00
   10    1.000    1.000    1.000  0.000e+00  0.000e+00  0.000e+00

  2. Prescribed Displacement
  Node  x-BCtag y-BCtag z-BCtag        Prescribed               
                                  Ux         Uy         Uz
    1   0.000    0.000    0.000   0.000e+00  0.000e+00  0.000e+00
    2   0.000    0.000    0.000   0.000e+00  0.000e+00  0.000e+00
    3   0.000    0.000    0.000   0.000e+00  0.000e+00  0.000e+00
    4   0.000    0.000    0.000   0.000e+00  0.000e+00  0.000e+00
    5   0.000    0.000    0.000   0.000e+00  0.000e+00  0.000e+00
    6   0.000    0.000    0.000   0.000e+00  0.000e+00  0.000e+00
    7   1.000    1.000    1.000   0.000e+00  0.000e+00  0.000e+00
    8   1.000    1.000    1.000   0.000e+00  0.000e+00  0.000e+00
    9   1.000    1.000    1.000   0.000e+00  0.000e+00  0.000e+00
   10   1.000    1.000    1.000   0.000e+00  0.000e+00  0.000e+00

 Eigenvalues of Kff - master stiffness matrix:
             1             2             3             4             5             6             7             8
   1     2.125e+04     2.416e+04     3.614e+04     3.820e+04     4.667e+04     5.034e+04     5.770e+04     5.903e+04
             9            10            11            12            13            14            15            16
   1     9.360e+04     1.175e+05     1.349e+05     1.633e+05     1.641e+05     5.222e+05     5.842e+05     6.378e+05
            17            18
   1     8.185e+05     1.138e+06

  --------- Computed  Node Displacements  -------
  Node   x-coord    y-coord     z-coord     x-displ      y-displ      z-displ
     1  -3.750e+01   0.000e+00   2.000e+02   8.515e-03   3.500e-01  -2.213e-02
     2   3.750e+01   0.000e+00   2.000e+02   3.192e-02   3.500e-01  -3.224e-02
     3  -3.750e+01   3.750e+01   1.000e+02   1.153e-02  -9.770e-03  -1.085e-01
     4   3.750e+01   3.750e+01   1.000e+02  -4.039e-03  -8.781e-03  -1.154e-01
     5   3.750e+01  -3.750e+01   1.000e+02   4.477e-04  -5.089e-03   7.051e-02
     6  -3.750e+01  -3.750e+01   1.000e+02   7.042e-03  -4.100e-03   7.737e-02
     7  -1.000e+02   1.000e+02   0.000e+00   0.000e+00   0.000e+00   0.000e+00
     8   1.000e+02   1.000e+02   0.000e+00   0.000e+00   0.000e+00   0.000e+00
     9   1.000e+02  -1.000e+02   0.000e+00   0.000e+00   0.000e+00   0.000e+00
    10  -1.000e+02  -1.000e+02   0.000e+00   0.000e+00   0.000e+00   0.000e+00
  ------------ Computed Node Forces -------------
  Node   x-coord    y-coord     z-coord     x-force      y-force      z-force
     1  -3.750e+01   0.000e+00   2.000e+02   1.000e+03   1.000e+04  -5.000e+03
     2   3.750e+01   0.000e+00   2.000e+02   0.000e+00   1.000e+04  -5.000e+03
     3  -3.750e+01   3.750e+01   1.000e+02   5.000e+02   0.000e+00   0.000e+00
     4   3.750e+01   3.750e+01   1.000e+02   0.000e+00   0.000e+00   0.000e+00
     5   3.750e+01  -3.750e+01   1.000e+02   0.000e+00   0.000e+00   0.000e+00
     6  -3.750e+01  -3.750e+01   1.000e+02   5.000e+02   0.000e+00   0.000e+00
     7  -1.000e+02   1.000e+02   0.000e+00   9.908e+03  -6.263e+03   1.175e+04
     8   1.000e+02   1.000e+02   0.000e+00  -1.091e+04  -7.326e+03   1.325e+04
     9   1.000e+02  -1.000e+02   0.000e+00   5.665e+03  -2.674e+03  -6.750e+03
    10  -1.000e+02  -1.000e+02   0.000e+00  -6.665e+03  -3.737e+03  -8.250e+03

 --------- Bar Axial Forces ---------
 Type   Number  Node1  Node2     Force          Stress
 BAR3D       1      1      2     102.962307    3120.069916
 BAR3D       2      1      4   -5995.741669   -2975.554178
 BAR3D       3      2      3   -5125.716127   -2543.779715
 BAR3D       4      1      5    4076.530910    2023.092263
 BAR3D       5      2      6    4946.556452    2454.866726
 BAR3D       6      2      4   -12715.289782   -4504.176331
 BAR3D       7      2      5    7521.905831    2664.507910
 BAR3D       8      1      3   -12003.289470   -4251.962263
 BAR3D       9      1      6    8233.906143    2916.721978
 BAR3D      10      3      6      -7.559450    -755.945024
 BAR3D      11      4      5      -4.922529    -492.252878
 BAR3D      12      3      4     -29.062364   -2075.883166
 BAR3D      13      5      6     -12.310188    -879.299140
 BAR3D      14      3     10   -3427.307708   -3497.252763
 BAR3D      15      6      7    2610.765937    2664.046874
 BAR3D      16      4      9   -3731.599679   -3807.754774
 BAR3D      17      5      8    2306.473966    2353.544863
 BAR3D      18      4      7   -6192.989710   -3518.744154
 BAR3D      19      3      8   -6343.941552   -3604.512245
 BAR3D      20      5     10    3644.320208    2070.636482
 BAR3D      21      6      9    3493.368366    1984.868390
 BAR3D      22      6     10   10850.844655    4447.067482
 BAR3D      23      3      7   -13042.617768   -5345.335151
 BAR3D      24      5      9    9184.310842    3764.061820
 BAR3D      25      4      8   -14709.151582   -6028.340812

