**********************************************************************
*     FEPS (Finite Element Analysis Program for General Structure)   *
*     Author: Minho Kwon, Sept. 2025 implemented as Python           *
*             Ported to C# .NET 10                                  *
*             for graduate course in Dept. of Civil Engineering      *
*             Gyeongsang National University, Jinju, Korea.          *
**********************************************************************



 Input file name: example7-2.inp


  === Node Definition Data ===
  Node     x-coord     y-coord
     1       0.000       0.000
     2       0.000       5.000
     3      10.000       5.000
     4      20.000       0.000
     5      10.000       0.000

  === Material Definition Data ===
   Code  El.modulus  Pois.ratio
    1     2.000e+08      0.200

  ==== Property Definition Data ====
   Code    Bar-area  Plate-thickness       Alpha        Iyy         Izz           J
     1    6.000e-04    1.000e+00        0.000e+00                2.000e-04
     2    3.000e-04    1.000e+00        0.000e+00                1.000e-04

  ====== Element Definition Data ======
  Type      Number   Mcode Pcode       Node-list ....
  BEAM2D       1       1     1      1      2
  BEAM2D       2       1     2      2      3
  BEAM2D       3       1     1      5      3
  BEAM2D       4       1     2      3      4

  Type      Number                      Element Loads
                           wx          wy          wz     Temperature
  BEAM2D      1        0.000e+00   0.000e+00               0.000e+00
  BEAM2D      2        0.000e+00   -1.200e+01               0.000e+00
  BEAM2D      3        0.000e+00   0.000e+00               0.000e+00
  BEAM2D      4        0.000e+00   0.000e+00               0.000e+00

  ========= Nodal Boundary Conditions and Nodal Load Data =======
  1. Prescribed Nodal Loads
  Node  x-BCtag y-BCtag th-BCtag       Prescribed
                                  Fx         Fy        Mzz
    1    1.000    1.000    1.000  0.000e+00  0.000e+00  0.000e+00
    2    0.000    0.000    0.000  1.000e+01  2.000e+01  3.000e+01
    3    0.000    0.000    0.000  0.000e+00  0.000e+00  0.000e+00
    4    1.000    1.000    1.000  0.000e+00  0.000e+00  0.000e+00
    5    1.000    1.000    1.000  0.000e+00  0.000e+00  0.000e+00

  2. Prescribed Displacement
  Node  x-BCtag y-BCtag th-BCtag       Prescribed
                                  Ux         Uy        Rzz
    1   1.000    1.000    1.000   0.000e+00  0.000e+00  0.000e+00
    2   0.000    0.000    0.000   0.000e+00  0.000e+00  0.000e+00
    3   0.000    0.000    0.000   0.000e+00  0.000e+00  0.000e+00
    4   1.000    1.000    1.000   0.000e+00 -1.000e-02  0.000e+00
    5   1.000    1.000    1.000   0.000e+00  0.000e+00  0.000e+00

 Eigenvalues of Kff - master stiffness matrix:
             1             2             3             4             5             6
   1     3.341e+03     1.432e+04     2.413e+04     2.571e+04     4.185e+04     5.151e+04

  --------- Computed  Node Displacements  -------
  Node   x-coord    y-coord     x-displ      y-displ      Angle
     1   0.000e+00   0.000e+00   0.000e+00   0.000e+00   0.000e+00
     2   0.000e+00   5.000e+00   3.868e-04   3.331e-03   3.493e-03
     3   1.000e+01   5.000e+00   4.556e-03   2.401e-03  -3.635e-03
     4   2.000e+01   0.000e+00   0.000e+00  -1.000e-02   0.000e+00
     5   1.000e+01   0.000e+00   0.000e+00   0.000e+00   0.000e+00
  ------------ Computed Node Forces -------------
  Node   x-coord    y-coord    x-force      y-force      Moment
     1   0.000e+00   0.000e+00  -3.502e+01  -7.995e+01   5.960e+01
     2   0.000e+00   5.000e+00   1.000e+01   2.000e+01   3.000e+01
     3   1.000e+01   5.000e+00   0.000e+00   0.000e+00   0.000e+00
     4   2.000e+01   0.000e+00   7.612e+00  -2.425e+00  -4.023e-01
     5   1.000e+01   0.000e+00   1.740e+01  -5.763e+01  -1.443e+01

 --------- Beam Section Forces Information---------
 Type   Number  Node      Force-Local_x   Force-Local_y     Moment
 BEAM2D      1      1      -7.995e+01       3.502e+01       5.960e+01
                    2       7.995e+01      -3.502e+01       1.155e+02
 BEAM2D      2      2      -2.502e+01       6.005e+01       1.145e+02
                    3       2.502e+01       5.995e+01      -1.140e+02
 BEAM2D      3      5      -5.763e+01      -1.740e+01      -1.443e+01
                    3       5.763e+01       1.740e+01      -7.259e+01
 BEAM2D      4      3      -7.893e+00      -1.235e+00      -1.341e+01
                    4       7.893e+00       1.235e+00      -4.023e-01

