**********************************************************************
*     FEPS (Finite Element Analysis Program for General Structure)   *
*     Author: Minho Kwon, Sept. 2025 implemented as Python           *
*             Ported to C# .NET 10                                  *
*             for graduate course in Dept. of Civil Engineering      *
*             Gyeongsang National University, Jinju, Korea.          *
**********************************************************************



 Input file name: ex7-4.inp


  === Node Definition Data ===
  Node     x-coord     y-coord
     1       0.000       0.000
     2       0.000       5.000
     3       8.000      11.000
     4      16.000       5.000
     5      21.000       5.000

  === Material Definition Data ===
   Code  El.modulus  Pois.ratio
    1     3.000e+00      0.300

  ==== Property Definition Data ====
   Code    Bar-area  Plate-thickness       Alpha        Iyy         Izz           J
     1    1.000e+07    1.000e+00        0.000e+00                1.000e+06

  ====== Element Definition Data ======
  Type      Number   Mcode Pcode       Node-list ....
  BEAM2D       1       1     1      1      2
  BEAM2D       2       1     1      2      3
  BEAM2D       3       1     1      3      4
  BEAM2D       4       1     1      4      5

  Type      Number                      Element Loads
                           wx          wy          wz     Temperature
  BEAM2D      1        0.000e+00   0.000e+00               0.000e+00
  BEAM2D      2        0.000e+00   0.000e+00               0.000e+00
  BEAM2D      3        0.000e+00   -1.000e+01               0.000e+00
  BEAM2D      4        0.000e+00   0.000e+00               0.000e+00

  ========= Nodal Boundary Conditions and Nodal Load Data =======
  1. Prescribed Nodal Loads
  Node  x-BCtag y-BCtag th-BCtag       Prescribed
                                  Fx         Fy        Mzz
    1    1.000    1.000    1.000  0.000e+00  0.000e+00  0.000e+00
    2    0.000    0.000    0.000  0.000e+00  0.000e+00  0.000e+00
    3    0.000    0.000    0.000  0.000e+00  0.000e+00  0.000e+00
    4    0.000    0.000    0.000  0.000e+00  0.000e+00  0.000e+00
    5    0.000    1.000    0.000  0.000e+00  0.000e+00  0.000e+00

  2. Prescribed Displacement
  Node  x-BCtag y-BCtag th-BCtag       Prescribed
                                  Ux         Uy        Rzz
    1   1.000    1.000    1.000   0.000e+00  0.000e+00  0.000e+00
    2   0.000    0.000    0.000   0.000e+00  0.000e+00  0.000e+00
    3   0.000    0.000    0.000   0.000e+00  0.000e+00  0.000e+00
    4   0.000    0.000    0.000   0.000e+00  0.000e+00  0.000e+00
    5   0.000    1.000    0.000   0.000e+00  0.000e+00  0.000e+00

 Eigenvalues of Kff - master stiffness matrix:
             1             2             3             4             5             6             7             8
   1     3.837e+03     3.802e+04     1.419e+05     1.514e+06     2.171e+06     3.349e+06     3.928e+06     4.251e+06
             9            10            11
   1     5.089e+06     8.672e+06     1.356e+07

  --------- Computed  Node Displacements  -------
  Node   x-coord    y-coord     x-displ      y-displ      Angle
     1   0.000e+00   0.000e+00   0.000e+00   0.000e+00   0.000e+00
     2   0.000e+00   5.000e+00   4.050e-04   7.959e-06  -7.868e-05
     3   8.000e+00   1.100e+01  -5.695e-05   6.665e-04   2.273e-04
     4   1.600e+01   5.000e+00   4.795e-04   1.371e-03  -1.846e-04
     5   2.100e+01   5.000e+00   4.795e-04   0.000e+00  -3.190e-04
  ------------ Computed Node Forces -------------
  Node   x-coord    y-coord    x-force      y-force      Moment
     1   0.000e+00   0.000e+00  -6.000e+01  -4.775e+01   1.972e+02
     2   0.000e+00   5.000e+00   0.000e+00   0.000e+00   0.000e+00
     3   8.000e+00   1.100e+01   0.000e+00   0.000e+00   0.000e+00
     4   1.600e+01   5.000e+00   0.000e+00   0.000e+00   0.000e+00
     5   2.100e+01   5.000e+00   0.000e+00  -3.225e+01   0.000e+00

 --------- Beam Section Forces Information---------
 Type   Number  Node      Force-Local_x   Force-Local_y     Moment
 BEAM2D      1      1      -4.775e+01       6.000e+01       1.972e+02
                    2       4.775e+01      -6.000e+01       1.028e+02
 BEAM2D      2      2      -7.665e+01      -2.202e+00      -1.028e+02
                    3       7.665e+01       2.202e+00       8.078e+01
 BEAM2D      3      3      -1.935e+01       2.580e+01       8.589e+01
                    4       1.935e+01       7.420e+01      -3.279e+02
 BEAM2D      4      4      -4.547e-13       3.225e+01       1.612e+02
                    5       4.547e-13      -3.225e+01       1.137e-13

